<?xml version="1.0" encoding="UTF-8"?>
<!-- Generated by org.testng.reporters.JUnitReportReporter -->
<testsuite hostname="DESKTOP-E85FAKI" failures="0" tests="1" name="TestCases.NewTest" time="8.855" errors="0" timestamp="2022-05-17T01:19:04 IST" skipped="0">
  <testcase classname="TestCases.NewTest" name="testCase1" time="8.855"/>
  <system-out/>
</testsuite> <!-- TestCases.NewTest -->
