<?xml version="1.0" encoding="UTF-8"?>
<!-- Generated by org.testng.reporters.JUnitReportReporter -->
<testsuite hostname="DESKTOP-E85FAKI" failures="0" tests="1" name="NewTest" time="2.653" errors="0" timestamp="2022-05-17T00:39:34 IST" skipped="0">
  <testcase classname="NewTest" name="testCase1" time="2.653"/>
  <system-out/>
</testsuite> <!-- NewTest -->
